# JRE version: Java(TM) SE Runtime Environment (8.0_131-b11) (build 1.8.0_131-b11)
# Java VM: Java HotSpot(TM) 64-Bit Server VM (25.131-b11 mixed mode windows-amd64 compressed oops)
Heap:
 PSYoungGen      total 61440K, used 15200K [0x00000000fab00000, 0x0000000100000000, 0x0000000100000000)
  eden space 46080K, 0% used [0x00000000fab00000,0x00000000fab00000,0x00000000fd800000)
  from space 15360K, 98% used [0x00000000fd800000,0x00000000fe6d8020,0x00000000fe700000)
  to   space 21504K, 0% used [0x00000000feb00000,0x00000000feb00000,0x0000000100000000)
 ParOldGen       total 87552K, used 40792K [0x00000000f0000000, 0x00000000f5580000, 0x00000000fab00000)
  object space 87552K, 46% used [0x00000000f0000000,0x00000000f27d6158,0x00000000f5580000)
 Metaspace       used 57306K, capacity 59952K, committed 60080K, reserved 1101824K
  class space    used 7672K, capacity 8131K, committed 8192K, reserved 1048576K
GC Heap History (10 events):
Event: 9.296 GC heap after
Heap after GC invocations=29 (full 2):
 PSYoungGen      total 71168K, used 11530K [0x00000000fab00000, 0x0000000100000000, 0x0000000100000000)
  eden space 59392K, 0% used [0x00000000fab00000,0x00000000fab00000,0x00000000fe500000)
  from space 11776K, 97% used [0x00000000fe500000,0x00000000ff042818,0x00000000ff080000)
  to   space 14848K, 0% used [0x00000000ff180000,0x00000000ff180000,0x0000000100000000)
 ParOldGen       total 87552K, used 36158K [0x00000000f0000000, 0x00000000f5580000, 0x00000000fab00000)
  object space 87552K, 41% used [0x00000000f0000000,0x00000000f234f850,0x00000000f5580000)
 Metaspace       used 49738K, capacity 52032K, committed 52220K, reserved 1093632K
  class space    used 6607K, capacity 7045K, committed 7168K, reserved 1048576K
}
Event: 9.634 GC heap before
{Heap before GC invocations=30 (full 2):
 PSYoungGen      total 71168K, used 70922K [0x00000000fab00000, 0x0000000100000000, 0x0000000100000000)
  eden space 59392K, 100% used [0x00000000fab00000,0x00000000fe500000,0x00000000fe500000)
  from space 11776K, 97% used [0x00000000fe500000,0x00000000ff042818,0x00000000ff080000)
  to   space 14848K, 0% used [0x00000000ff180000,0x00000000ff180000,0x0000000100000000)
 ParOldGen       total 87552K, used 36158K [0x00000000f0000000, 0x00000000f5580000, 0x00000000fab00000)
  object space 87552K, 41% used [0x00000000f0000000,0x00000000f234f850,0x00000000f5580000)
 Metaspace       used 51431K, capacity 54016K, committed 54268K, reserved 1095680K
  class space    used 6852K, capacity 7329K, committed 7424K, reserved 1048576K
Event: 9.646 GC heap after
Heap after GC invocations=30 (full 2):
 PSYoungGen      total 70144K, used 12188K [0x00000000fab00000, 0x0000000100000000, 0x0000000100000000)
  eden space 55296K, 0% used [0x00000000fab00000,0x00000000fab00000,0x00000000fe100000)
  from space 14848K, 82% used [0x00000000ff180000,0x00000000ffd67058,0x0000000100000000)
  to   space 15872K, 0% used [0x00000000fe100000,0x00000000fe100000,0x00000000ff080000)
 ParOldGen       total 87552K, used 37430K [0x00000000f0000000, 0x00000000f5580000, 0x00000000fab00000)
  object space 87552K, 42% used [0x00000000f0000000,0x00000000f248d850,0x00000000f5580000)
 Metaspace       used 51431K, capacity 54016K, committed 54268K, reserved 1095680K
  class space    used 6852K, capacity 7329K, committed 7424K, reserved 1048576K
}
Event: 10.033 GC heap before
{Heap before GC invocations=31 (full 2):
 PSYoungGen      total 70144K, used 67484K [0x00000000fab00000, 0x0000000100000000, 0x0000000100000000)
  eden space 55296K, 100% used [0x00000000fab00000,0x00000000fe100000,0x00000000fe100000)
  from space 14848K, 82% used [0x00000000ff180000,0x00000000ffd67058,0x0000000100000000)
  to   space 15872K, 0% used [0x00000000fe100000,0x00000000fe100000,0x00000000ff080000)
 ParOldGen       total 87552K, used 37430K [0x00000000f0000000, 0x00000000f5580000, 0x00000000fab00000)
  object space 87552K, 42% used [0x00000000f0000000,0x00000000f248d850,0x00000000f5580000)
 Metaspace       used 52361K, capacity 55066K, committed 55164K, reserved 1097728K
  class space    used 6991K, capacity 7484K, committed 7552K, reserved 1048576K
Event: 10.043 GC heap after
Heap after GC invocations=31 (full 2):
 PSYoungGen      total 69120K, used 13760K [0x00000000fab00000, 0x0000000100000000, 0x0000000100000000)
  eden space 55296K, 0% used [0x00000000fab00000,0x00000000fab00000,0x00000000fe100000)
  from space 13824K, 99% used [0x00000000fe100000,0x00000000fee70010,0x00000000fee80000)
  to   space 17408K, 0% used [0x00000000fef00000,0x00000000fef00000,0x0000000100000000)
 ParOldGen       total 87552K, used 37438K [0x00000000f0000000, 0x00000000f5580000, 0x00000000fab00000)
  object space 87552K, 42% used [0x00000000f0000000,0x00000000f248f850,0x00000000f5580000)
 Metaspace       used 52361K, capacity 55066K, committed 55164K, reserved 1097728K
  class space    used 6991K, capacity 7484K, committed 7552K, reserved 1048576K
}
Event: 10.492 GC heap before
{Heap before GC invocations=32 (full 2):
 PSYoungGen      total 69120K, used 69056K [0x00000000fab00000, 0x0000000100000000, 0x0000000100000000)
  eden space 55296K, 100% used [0x00000000fab00000,0x00000000fe100000,0x00000000fe100000)
  from space 13824K, 99% used [0x00000000fe100000,0x00000000fee70010,0x00000000fee80000)
  to   space 17408K, 0% used [0x00000000fef00000,0x00000000fef00000,0x0000000100000000)
 ParOldGen       total 87552K, used 37438K [0x00000000f0000000, 0x00000000f5580000, 0x00000000fab00000)
  object space 87552K, 42% used [0x00000000f0000000,0x00000000f248f850,0x00000000f5580000)
 Metaspace       used 56979K, capacity 59704K, committed 59900K, reserved 1101824K
  class space    used 7618K, capacity 8095K, committed 8192K, reserved 1048576K
Event: 10.506 GC heap after
Heap after GC invocations=32 (full 2):
 PSYoungGen      total 63488K, used 17396K [0x00000000fab00000, 0x0000000100000000, 0x0000000100000000)
  eden space 46080K, 0% used [0x00000000fab00000,0x00000000fab00000,0x00000000fd800000)
  from space 17408K, 99% used [0x00000000fef00000,0x00000000ffffd148,0x0000000100000000)
  to   space 20480K, 0% used [0x00000000fd800000,0x00000000fd800000,0x00000000fec00000)
 ParOldGen       total 87552K, used 38960K [0x00000000f0000000, 0x00000000f5580000, 0x00000000fab00000)
  object space 87552K, 44% used [0x00000000f0000000,0x00000000f260c158,0x00000000f5580000)
 Metaspace       used 56979K, capacity 59704K, committed 59900K, reserved 1101824K
  class space    used 7618K, capacity 8095K, committed 8192K, reserved 1048576K
}
Event: 10.582 GC heap before
{Heap before GC invocations=33 (full 2):
 PSYoungGen      total 63488K, used 35851K [0x00000000fab00000, 0x0000000100000000, 0x0000000100000000)
  eden space 46080K, 40% used [0x00000000fab00000,0x00000000fbd05d18,0x00000000fd800000)
  from space 17408K, 99% used [0x00000000fef00000,0x00000000ffffd148,0x0000000100000000)
  to   space 20480K, 0% used [0x00000000fd800000,0x00000000fd800000,0x00000000fec00000)
 ParOldGen       total 87552K, used 38960K [0x00000000f0000000, 0x00000000f5580000, 0x00000000fab00000)
  object space 87552K, 44% used [0x00000000f0000000,0x00000000f260c158,0x00000000f5580000)
 Metaspace       used 57306K, capacity 59952K, committed 60080K, reserved 1101824K
  class space    used 7672K, capacity 8131K, committed 8192K, reserved 1048576K
Event: 10.593 GC heap after
Heap after GC invocations=33 (full 2):
 PSYoungGen      total 61440K, used 15200K [0x00000000fab00000, 0x0000000100000000, 0x0000000100000000)
  eden space 46080K, 0% used [0x00000000fab00000,0x00000000fab00000,0x00000000fd800000)
  from space 15360K, 98% used [0x00000000fd800000,0x00000000fe6d8020,0x00000000fe700000)
  to   space 21504K, 0% used [0x00000000feb00000,0x00000000feb00000,0x0000000100000000)
 ParOldGen       total 87552K, used 40792K [0x00000000f0000000, 0x00000000f5580000, 0x00000000fab00000)
  object space 87552K, 46% used [0x00000000f0000000,0x00000000f27d6158,0x00000000f5580000)
 Metaspace       used 57306K, capacity 59952K, committed 60080K, reserved 1101824K
  class space    used 7672K, capacity 8131K, committed 8192K, reserved 1048576K
}
Event: 10.593 GC heap before
{Heap before GC invocations=34 (full 3):
 PSYoungGen      total 61440K, used 15200K [0x00000000fab00000, 0x0000000100000000, 0x0000000100000000)
  eden space 46080K, 0% used [0x00000000fab00000,0x00000000fab00000,0x00000000fd800000)
  from space 15360K, 98% used [0x00000000fd800000,0x00000000fe6d8020,0x00000000fe700000)
  to   space 21504K, 0% used [0x00000000feb00000,0x00000000feb00000,0x0000000100000000)
 ParOldGen       total 87552K, used 40792K [0x00000000f0000000, 0x00000000f5580000, 0x00000000fab00000)
  object space 87552K, 46% used [0x00000000f0000000,0x00000000f27d6158,0x00000000f5580000)
 Metaspace       used 57306K, capacity 59952K, committed 60080K, reserved 1101824K
  class space    used 7672K, capacity 8131K, committed 8192K, reserved 1048576K

